mktextfm phvr8t
mktextfm phvb8t
mktextfm nullfont
mktextfm phvr8t
mktextfm phvb8t
mktextfm nullfont
mktextfm phvr8t
mktextfm phvb8t
mktextfm nullfont
mktextfm phvr8t
mktextfm phvb8t
mktextfm nullfont
mktextfm phvr8t
mktextfm phvb8t
mktextfm nullfont
mktextfm phvro8t
mktextfm nullfont
mktextfm phvbo8t
mktextfm nullfont
mktextfm nullfont
mktextfm phvr8t
mktextfm phvb8t
mktextfm nullfont
mktextfm pcrr8t
mktextfm pcrb8t
mktextfm nullfont
mktextfm pcrr8t
mktextfm pcrb8t
mktextfm nullfont
mktextfm pcrr8c
